{"numTotalTestSuites":8,"numPassedTestSuites":8,"numFailedTestSuites":0,"numPendingTestSuites":0,"numTotalTests":32,"numPassedTests":32,"numFailedTests":0,"numPendingTests":0,"numTodoTests":0,"snapshot":{"added":0,"failure":false,"filesAdded":0,"filesRemoved":0,"filesRemovedList":[],"filesUnmatched":0,"filesUpdated":0,"matched":0,"total":0,"unchecked":0,"uncheckedKeysByFile":[],"unmatched":0,"updated":0,"didUpdate":false},"startTime":1776681216704,"success":true,"testResults":[{"assertionResults":[{"ancestorTitles":["calculerFacture"],"fullName":"calculerFacture 200 MAD base + 0.5/km","status":"passed","title":"200 MAD base + 0.5/km","duration":1.542353999999932,"failureMessages":[],"meta":{},"tags":[]},{"ancestorTitles":["calculerFacture"],"fullName":"calculerFacture score 90+ = -15%","status":"passed","title":"score 90+ = -15%","duration":0.1932170000000042,"failureMessages":[],"meta":{},"tags":[]},{"ancestorTitles":["calculerFacture"],"fullName":"calculerFacture score 80-89 = -10%","status":"passed","title":"score 80-89 = -10%","duration":0.2099110000000337,"failureMessages":[],"meta":{},"tags":[]},{"ancestorTitles":["calculerFacture"],"fullName":"calculerFacture score 70-79 = -5%","status":"passed","title":"score 70-79 = -5%","duration":0.195412000000033,"failureMessages":[],"meta":{},"tags":[]},{"ancestorTitles":["calculerFacture"],"fullName":"calculerFacture score < 70 = 0%","status":"passed","title":"score < 70 = 0%","duration":0.19148199999995086,"failureMessages":[],"meta":{},"tags":[]},{"ancestorTitles":["calculerFacture"],"fullName":"calculerFacture total = base + km - reduction","status":"passed","title":"total = base + km - reduction","duration":0.1249400000000378,"failureMessages":[],"meta":{},"tags":[]}],"startTime":1776681219133,"endTime":1776681219136.125,"status":"passed","message":"","name":"/workspaces/drivescore/src/tests/facturation.test.ts"},{"assertionResults":[{"ancestorTitles":["calculerScore"],"fullName":"calculerScore score départ = 100 sans incident","status":"passed","title":"score départ = 100 sans incident","duration":1.6329870000001847,"failureMessages":[],"meta":{},"tags":[]},{"ancestorTitles":["calculerScore"],"fullName":"calculerScore freinage brusque = -3 pts","status":"passed","title":"freinage brusque = -3 pts","duration":0.24233800000001793,"failureMessages":[],"meta":{},"tags":[]},{"ancestorTitles":["calculerScore"],"fullName":"calculerScore freinage urgence = -8 pts","status":"passed","title":"freinage urgence = -8 pts","duration":0.21828099999993356,"failureMessages":[],"meta":{},"tags":[]},{"ancestorTitles":["calculerScore"],"fullName":"calculerScore acceleration brusque = -2 pts","status":"passed","title":"acceleration brusque = -2 pts","duration":0.1753759999999147,"failureMessages":[],"meta":{},"tags":[]},{"ancestorTitles":["calculerScore"],"fullName":"calculerScore exces leger = -3 pts","status":"passed","title":"exces leger = -3 pts","duration":0.219524999999976,"failureMessages":[],"meta":{},"tags":[]},{"ancestorTitles":["calculerScore"],"fullName":"calculerScore exces grave = -7 pts","status":"passed","title":"exces grave = -7 pts","duration":0.13588400000003276,"failureMessages":[],"meta":{},"tags":[]},{"ancestorTitles":["calculerScore"],"fullName":"calculerScore score minimum = 0","status":"passed","title":"score minimum = 0","duration":0.20299500000010084,"failureMessages":[],"meta":{},"tags":[]},{"ancestorTitles":["calculerScore"],"fullName":"calculerScore score ne peut pas être négatif","status":"passed","title":"score ne peut pas être négatif","duration":0.21086500000001251,"failureMessages":[],"meta":{},"tags":[]},{"ancestorTitles":["estEnExces"],"fullName":"estEnExces 60 km/h zone 50 ville = excès","status":"passed","title":"60 km/h zone 50 ville = excès","duration":0.32991100000003826,"failureMessages":[],"meta":{},"tags":[]},{"ancestorTitles":["estEnExces"],"fullName":"estEnExces 54 km/h zone 50 ville = pas excès (tolérance +5)","status":"passed","title":"54 km/h zone 50 ville = pas excès (tolérance +5)","duration":0.27643299999999726,"failureMessages":[],"meta":{},"tags":[]},{"ancestorTitles":["estEnExces"],"fullName":"estEnExces 90 km/h zone 80 route = pas excès (tolérance +8)","status":"passed","title":"90 km/h zone 80 route = pas excès (tolérance +8)","duration":0.16593199999988428,"failureMessages":[],"meta":{},"tags":[]},{"ancestorTitles":["estEnExces"],"fullName":"estEnExces 100 km/h zone 80 route = excès","status":"passed","title":"100 km/h zone 80 route = excès","duration":0.10779299999990144,"failureMessages":[],"meta":{},"tags":[]},{"ancestorTitles":["estEnExces"],"fullName":"estEnExces 130 km/h zone 120 autoroute = pas excès (tolérance +10)","status":"passed","title":"130 km/h zone 120 autoroute = pas excès (tolérance +10)","duration":0.08158899999989444,"failureMessages":[],"meta":{},"tags":[]},{"ancestorTitles":["estEnExces"],"fullName":"estEnExces faux positif OSM autoroute ignoré","status":"passed","title":"faux positif OSM autoroute ignoré","duration":0.11036800000010771,"failureMessages":[],"meta":{},"tags":[]},{"ancestorTitles":["estEnExces"],"fullName":"estEnExces limite aberrante ignorée","status":"passed","title":"limite aberrante ignorée","duration":0.11167399999999361,"failureMessages":[],"meta":{},"tags":[]},{"ancestorTitles":["excesGrave"],"fullName":"excesGrave +20 km/h au dessus tolérance ville = grave","status":"passed","title":"+20 km/h au dessus tolérance ville = grave","duration":0.11445200000002842,"failureMessages":[],"meta":{},"tags":[]},{"ancestorTitles":["excesGrave"],"fullName":"excesGrave +10 km/h = pas grave","status":"passed","title":"+10 km/h = pas grave","duration":0.07237099999997554,"failureMessages":[],"meta":{},"tags":[]},{"ancestorTitles":["tolerances"],"fullName":"tolerances ville = +5 km/h","status":"passed","title":"ville = +5 km/h","duration":0.08466700000008132,"failureMessages":[],"meta":{},"tags":[]},{"ancestorTitles":["tolerances"],"fullName":"tolerances route = +8 km/h","status":"passed","title":"route = +8 km/h","duration":0.16186500000003434,"failureMessages":[],"meta":{},"tags":[]},{"ancestorTitles":["tolerances"],"fullName":"tolerances autoroute = +10 km/h","status":"passed","title":"autoroute = +10 km/h","duration":0.10378400000013244,"failureMessages":[],"meta":{},"tags":[]},{"ancestorTitles":["simulation trajets complets"],"fullName":"simulation trajets complets trajet parfait — 0 incident = 100","status":"passed","title":"trajet parfait — 0 incident = 100","duration":0.152114999999867,"failureMessages":[],"meta":{},"tags":[]},{"ancestorTitles":["simulation trajets complets"],"fullName":"simulation trajets complets trajet avec 3 freinages = 91","status":"passed","title":"trajet avec 3 freinages = 91","duration":0.15356499999984408,"failureMessages":[],"meta":{},"tags":[]},{"ancestorTitles":["simulation trajets complets"],"fullName":"simulation trajets complets trajet avec 5 excès légers = 85","status":"passed","title":"trajet avec 5 excès légers = 85","duration":0.11675100000002203,"failureMessages":[],"meta":{},"tags":[]},{"ancestorTitles":["simulation trajets complets"],"fullName":"simulation trajets complets trajet avec 2 excès graves = 86","status":"passed","title":"trajet avec 2 excès graves = 86","duration":0.1300469999998768,"failureMessages":[],"meta":{},"tags":[]},{"ancestorTitles":["simulation trajets complets"],"fullName":"simulation trajets complets trajet nocturne — score non impacté","status":"passed","title":"trajet nocturne — score non impacté","duration":0.14740800000004128,"failureMessages":[],"meta":{},"tags":[]},{"ancestorTitles":["simulation trajets complets"],"fullName":"simulation trajets complets réduction 90+ = -15%","status":"passed","title":"réduction 90+ = -15%","duration":0.21038300000009258,"failureMessages":[],"meta":{},"tags":[]}],"startTime":1776681218182,"endTime":1776681218189.2104,"status":"passed","message":"","name":"/workspaces/drivescore/src/tests/scoring.test.ts"}]}