{"numTotalTestSuites":10,"numPassedTestSuites":10,"numFailedTestSuites":0,"numPendingTestSuites":0,"numTotalTests":43,"numPassedTests":43,"numFailedTests":0,"numPendingTests":0,"numTodoTests":0,"snapshot":{"added":0,"failure":false,"filesAdded":0,"filesRemoved":0,"filesRemovedList":[],"filesUnmatched":0,"filesUpdated":0,"matched":0,"total":0,"unchecked":0,"uncheckedKeysByFile":[],"unmatched":0,"updated":0,"didUpdate":false},"startTime":1776682011291,"success":true,"testResults":[{"assertionResults":[{"ancestorTitles":["calculerFacture"],"fullName":"calculerFacture 200 MAD base + 0.5/km","status":"passed","title":"200 MAD base + 0.5/km","duration":1.570224000000053,"failureMessages":[],"meta":{},"tags":[]},{"ancestorTitles":["calculerFacture"],"fullName":"calculerFacture score 90+ = -15%","status":"passed","title":"score 90+ = -15%","duration":0.2020949999999857,"failureMessages":[],"meta":{},"tags":[]},{"ancestorTitles":["calculerFacture"],"fullName":"calculerFacture score 80-89 = -10%","status":"passed","title":"score 80-89 = -10%","duration":0.2278999999999769,"failureMessages":[],"meta":{},"tags":[]},{"ancestorTitles":["calculerFacture"],"fullName":"calculerFacture score 70-79 = -5%","status":"passed","title":"score 70-79 = -5%","duration":0.21519000000000688,"failureMessages":[],"meta":{},"tags":[]},{"ancestorTitles":["calculerFacture"],"fullName":"calculerFacture score < 70 = 0%","status":"passed","title":"score < 70 = 0%","duration":0.19672000000002754,"failureMessages":[],"meta":{},"tags":[]},{"ancestorTitles":["calculerFacture"],"fullName":"calculerFacture total = base + km - reduction","status":"passed","title":"total = base + km - reduction","duration":0.13641600000005383,"failureMessages":[],"meta":{},"tags":[]}],"startTime":1776682013431,"endTime":1776682013434.1365,"status":"passed","message":"","name":"/workspaces/drivescore/src/tests/facturation.test.ts"},{"assertionResults":[{"ancestorTitles":["calculerScore"],"fullName":"calculerScore score départ = 100 sans incident","status":"passed","title":"score départ = 100 sans incident","duration":1.5308540000000903,"failureMessages":[],"meta":{},"tags":[]},{"ancestorTitles":["calculerScore"],"fullName":"calculerScore freinage brusque = -3 pts","status":"passed","title":"freinage brusque = -3 pts","duration":0.2306060000000798,"failureMessages":[],"meta":{},"tags":[]},{"ancestorTitles":["calculerScore"],"fullName":"calculerScore freinage urgence = -8 pts","status":"passed","title":"freinage urgence = -8 pts","duration":0.24005800000009003,"failureMessages":[],"meta":{},"tags":[]},{"ancestorTitles":["calculerScore"],"fullName":"calculerScore acceleration brusque = -2 pts","status":"passed","title":"acceleration brusque = -2 pts","duration":0.18272699999988617,"failureMessages":[],"meta":{},"tags":[]},{"ancestorTitles":["calculerScore"],"fullName":"calculerScore exces leger = -3 pts","status":"passed","title":"exces leger = -3 pts","duration":0.20611200000007557,"failureMessages":[],"meta":{},"tags":[]},{"ancestorTitles":["calculerScore"],"fullName":"calculerScore exces grave = -7 pts","status":"passed","title":"exces grave = -7 pts","duration":0.13758099999995466,"failureMessages":[],"meta":{},"tags":[]},{"ancestorTitles":["calculerScore"],"fullName":"calculerScore score minimum = 0","status":"passed","title":"score minimum = 0","duration":0.2021589999999378,"failureMessages":[],"meta":{},"tags":[]},{"ancestorTitles":["calculerScore"],"fullName":"calculerScore score ne peut pas être négatif","status":"passed","title":"score ne peut pas être négatif","duration":0.2276799999999639,"failureMessages":[],"meta":{},"tags":[]},{"ancestorTitles":["estEnExces"],"fullName":"estEnExces 60 km/h zone 50 ville = excès","status":"passed","title":"60 km/h zone 50 ville = excès","duration":0.30574799999999414,"failureMessages":[],"meta":{},"tags":[]},{"ancestorTitles":["estEnExces"],"fullName":"estEnExces 54 km/h zone 50 ville = pas excès (tolérance +5)","status":"passed","title":"54 km/h zone 50 ville = pas excès (tolérance +5)","duration":0.2926270000000386,"failureMessages":[],"meta":{},"tags":[]},{"ancestorTitles":["estEnExces"],"fullName":"estEnExces 90 km/h zone 80 route = pas excès (tolérance +8)","status":"passed","title":"90 km/h zone 80 route = pas excès (tolérance +8)","duration":0.17171299999995426,"failureMessages":[],"meta":{},"tags":[]},{"ancestorTitles":["estEnExces"],"fullName":"estEnExces 100 km/h zone 80 route = excès","status":"passed","title":"100 km/h zone 80 route = excès","duration":0.10583100000008017,"failureMessages":[],"meta":{},"tags":[]},{"ancestorTitles":["estEnExces"],"fullName":"estEnExces 130 km/h zone 120 autoroute = pas excès (tolérance +10)","status":"passed","title":"130 km/h zone 120 autoroute = pas excès (tolérance +10)","duration":0.08147899999994479,"failureMessages":[],"meta":{},"tags":[]},{"ancestorTitles":["estEnExces"],"fullName":"estEnExces faux positif OSM autoroute ignoré","status":"passed","title":"faux positif OSM autoroute ignoré","duration":0.0816019999999753,"failureMessages":[],"meta":{},"tags":[]},{"ancestorTitles":["estEnExces"],"fullName":"estEnExces limite aberrante ignorée","status":"passed","title":"limite aberrante ignorée","duration":0.10927399999991394,"failureMessages":[],"meta":{},"tags":[]},{"ancestorTitles":["excesGrave"],"fullName":"excesGrave +20 km/h au dessus tolérance ville = grave","status":"passed","title":"+20 km/h au dessus tolérance ville = grave","duration":0.10633400000006077,"failureMessages":[],"meta":{},"tags":[]},{"ancestorTitles":["excesGrave"],"fullName":"excesGrave +10 km/h = pas grave","status":"passed","title":"+10 km/h = pas grave","duration":0.06991999999991094,"failureMessages":[],"meta":{},"tags":[]},{"ancestorTitles":["tolerances"],"fullName":"tolerances ville = +5 km/h","status":"passed","title":"ville = +5 km/h","duration":0.11132900000006885,"failureMessages":[],"meta":{},"tags":[]},{"ancestorTitles":["tolerances"],"fullName":"tolerances route = +8 km/h","status":"passed","title":"route = +8 km/h","duration":0.07240600000000086,"failureMessages":[],"meta":{},"tags":[]},{"ancestorTitles":["tolerances"],"fullName":"tolerances autoroute = +10 km/h","status":"passed","title":"autoroute = +10 km/h","duration":0.10017799999991439,"failureMessages":[],"meta":{},"tags":[]},{"ancestorTitles":["simulation trajets complets"],"fullName":"simulation trajets complets trajet parfait — 0 incident = 100","status":"passed","title":"trajet parfait — 0 incident = 100","duration":0.17354199999999764,"failureMessages":[],"meta":{},"tags":[]},{"ancestorTitles":["simulation trajets complets"],"fullName":"simulation trajets complets trajet avec 3 freinages = 91","status":"passed","title":"trajet avec 3 freinages = 91","duration":0.11935700000003635,"failureMessages":[],"meta":{},"tags":[]},{"ancestorTitles":["simulation trajets complets"],"fullName":"simulation trajets complets trajet avec 5 excès légers = 85","status":"passed","title":"trajet avec 5 excès légers = 85","duration":0.11183600000003935,"failureMessages":[],"meta":{},"tags":[]},{"ancestorTitles":["simulation trajets complets"],"fullName":"simulation trajets complets trajet avec 2 excès graves = 86","status":"passed","title":"trajet avec 2 excès graves = 86","duration":0.13700999999991836,"failureMessages":[],"meta":{},"tags":[]},{"ancestorTitles":["simulation trajets complets"],"fullName":"simulation trajets complets trajet nocturne — score non impacté","status":"passed","title":"trajet nocturne — score non impacté","duration":0.16283899999984897,"failureMessages":[],"meta":{},"tags":[]},{"ancestorTitles":["simulation trajets complets"],"fullName":"simulation trajets complets réduction 90+ = -15%","status":"passed","title":"réduction 90+ = -15%","duration":0.20065699999986464,"failureMessages":[],"meta":{},"tags":[]},{"ancestorTitles":["partage WhatsApp — génération lien"],"fullName":"partage WhatsApp — génération lien lien trajet valide","status":"passed","title":"lien trajet valide","duration":0.24012100000004466,"failureMessages":[],"meta":{},"tags":[]},{"ancestorTitles":["partage WhatsApp — génération lien"],"fullName":"partage WhatsApp — génération lien message WhatsApp contient score et km","status":"passed","title":"message WhatsApp contient score et km","duration":0.15406899999993584,"failureMessages":[],"meta":{},"tags":[]},{"ancestorTitles":["partage WhatsApp — génération lien"],"fullName":"partage WhatsApp — génération lien URL WhatsApp encodée correctement","status":"passed","title":"URL WhatsApp encodée correctement","duration":0.09804600000006758,"failureMessages":[],"meta":{},"tags":[]},{"ancestorTitles":["🧑‍🎓 Tests simples — tout le monde comprend"],"fullName":"🧑‍🎓 Tests simples — tout le monde comprend je commence un trajet avec un score parfait de 100","status":"passed","title":"je commence un trajet avec un score parfait de 100","duration":0.0808870000000752,"failureMessages":[],"meta":{},"tags":[]},{"ancestorTitles":["🧑‍🎓 Tests simples — tout le monde comprend"],"fullName":"🧑‍🎓 Tests simples — tout le monde comprend je freine brusquement 1 fois → je perds 3 points","status":"passed","title":"je freine brusquement 1 fois → je perds 3 points","duration":0.09911499999998341,"failureMessages":[],"meta":{},"tags":[]},{"ancestorTitles":["🧑‍🎓 Tests simples — tout le monde comprend"],"fullName":"🧑‍🎓 Tests simples — tout le monde comprend je roule à 60 km/h dans une zone 50 → excès détecté","status":"passed","title":"je roule à 60 km/h dans une zone 50 → excès détecté","duration":0.072687999999971,"failureMessages":[],"meta":{},"tags":[]},{"ancestorTitles":["🧑‍🎓 Tests simples — tout le monde comprend"],"fullName":"🧑‍🎓 Tests simples — tout le monde comprend je roule à 54 km/h dans une zone 50 → tolérance → pas d excès","status":"passed","title":"je roule à 54 km/h dans une zone 50 → tolérance → pas d excès","duration":0.0665360000000419,"failureMessages":[],"meta":{},"tags":[]},{"ancestorTitles":["🧑‍🎓 Tests simples — tout le monde comprend"],"fullName":"🧑‍🎓 Tests simples — tout le monde comprend score 92 → je paie moins cher que l assurance classique","status":"passed","title":"score 92 → je paie moins cher que l assurance classique","duration":0.10399600000005194,"failureMessages":[],"meta":{},"tags":[]},{"ancestorTitles":["🧑‍🎓 Tests simples — tout le monde comprend"],"fullName":"🧑‍🎓 Tests simples — tout le monde comprend score 65 → pas de réduction","status":"passed","title":"score 65 → pas de réduction","duration":0.07700199999999313,"failureMessages":[],"meta":{},"tags":[]},{"ancestorTitles":["🧑‍🎓 Tests simples — tout le monde comprend"],"fullName":"🧑‍🎓 Tests simples — tout le monde comprend plus je roule → plus je paie","status":"passed","title":"plus je roule → plus je paie","duration":0.08272699999997712,"failureMessages":[],"meta":{},"tags":[]},{"ancestorTitles":["🧑‍🎓 Tests simples — tout le monde comprend"],"fullName":"🧑‍🎓 Tests simples — tout le monde comprend meilleur score → meilleure réduction","status":"passed","title":"meilleur score → meilleure réduction","duration":0.08175699999992503,"failureMessages":[],"meta":{},"tags":[]}],"startTime":1776682012566,"endTime":1776682012573.154,"status":"passed","message":"","name":"/workspaces/drivescore/src/tests/scoring.test.ts"}]}